C51 COMPILER V9.57.0.0   MANAGEPARA                                                        05/28/2020 16:09:52 PAGE 1   


C51 COMPILER V9.57.0.0, COMPILATION OF MODULE MANAGEPARA
OBJECT MODULE PLACED IN ..\Output\Objects\ManagePara.obj
COMPILER INVOKED BY: C:\Keil\C51\BIN\C51.EXE ..\User\AppCode\ManageLayer\ManagePara.c LARGE OPTIMIZE(8,SPEED) BROWSE INC
                    -DIR(..\User\AppCode\AppLayer;..\User\AppCode\DriverLayer;..\User\AppCode\ManageLayer;..\User\AppCode\WIFILayer;..\User\S
                    -ysCode\Core) DEBUG OBJECTEXTEND PRINT(..\Output\Listings\ManagePara.lst) OBJECT(..\Output\Objects\ManagePara.obj)

line level    source

   1          #include "ManagePara.h"
   2          #include "Typedef.h"
   3          #include "Gpio.h"
   4          #include "SysDataDef.h"
   5          
   6          UI16 PwmValue = 0;
   7          
   8          #define Supplement 255
   9          
  10          void FlashParaProc(void)
  11          {
  12   1          UI08 multiple = 0;
  13   1      
  14   1          /* 
  15   1           * 499对应切波形往后移动1ms  
  16   1           * 切波形范围为Dimmer.Ledmin - Dimmer.Ledmax（1250 - 3750），即2.5ms - 7.5ms
  17   1           * 通过控制Dimmer.LeftMove和Dimmer.RightMove调节切波形范围
  18   1           */
  19   1      
  20   1      //    multiple = (Dimmer.LedMax - Dimmer.LeftMove - Dimmer.LedMin - Dimmer.RightMove) / 250;
  21   1      //    PwmValue = (Dimmer.LedMin + Dimmer.LeftMove)+ ((255 - Dimmer.TmepValue) * multiple);
  22   1      //    multiple = (Dimmer.LedMax - Dimmer.LedMin) / 250;
  23   1      
  24   1          PwmValue = (Dimmer.LedMin)+ ((255 - Dimmer.TmepValue) * 14);    
  25   1          
  26   1      //    if(!DownLight)
  27   1      //    {
  28   1      //        if(!FirstSupple)
  29   1      //        {
  30   1      //            Dimmer.LeftMove = 0;
  31   1      //        }
  32   1      //        else if(!SecondSupple)
  33   1      //        {
  34   1      //            Dimmer.LeftMove = Supplement;
  35   1      //        }
  36   1      //        else if(!ThirdSupple)
  37   1      //        {
  38   1      //            Dimmer.LeftMove = Supplement << 1;
  39   1      //        }
  40   1      //    }
  41   1      //    else if(LedBulb == 0)
  42   1      //    {
  43   1      //        if(!FirstSupple)
  44   1      //        {
  45   1      //            
  46   1      //        }
  47   1      //        else if(!SecondSupple)
  48   1      //        {
  49   1      //            
  50   1      //        }
  51   1      //        else if(!ThirdSupple)
  52   1      //        {
  53   1      //            
C51 COMPILER V9.57.0.0   MANAGEPARA                                                        05/28/2020 16:09:52 PAGE 2   

  54   1      //        }  
  55   1      //    }
  56   1      //    else if(IncBulb == 0)
  57   1      //    {
  58   1      //        if(!FirstSupple)
  59   1      //        {
  60   1      //            
  61   1      //        }
  62   1      //        else if(!SecondSupple)
  63   1      //        {
  64   1      //            
  65   1      //        }
  66   1      //        else if(!ThirdSupple)
  67   1      //        {
  68   1      //            
  69   1      //        }  
  70   1      //    }
  71   1      }


MODULE INFORMATION:   STATIC OVERLAYABLE
   CODE SIZE        =     47    ----
   CONSTANT SIZE    =   ----    ----
   XDATA SIZE       =      2       1
   PDATA SIZE       =   ----    ----
   DATA SIZE        =   ----    ----
   IDATA SIZE       =   ----    ----
   BIT SIZE         =   ----    ----
END OF MODULE INFORMATION.


C51 COMPILATION COMPLETE.  0 WARNING(S),  0 ERROR(S)
