C51 COMPILER V9.57.0.0   SYSDATADEF                                                        06/09/2020 17:10:00 PAGE 1   


C51 COMPILER V9.57.0.0, COMPILATION OF MODULE SYSDATADEF
OBJECT MODULE PLACED IN ..\Output\Objects\SysDataDef.obj
COMPILER INVOKED BY: C:\Keil\C51\BIN\C51.EXE ..\User\AppCode\ManageLayer\SysDataDef.c LARGE OPTIMIZE(8,SPEED) BROWSE INC
                    -DIR(..\User\AppCode\AppLayer;..\User\AppCode\DriverLayer;..\User\AppCode\ManageLayer;..\User\AppCode\WIFILayer;..\User\S
                    -ysCode\Core) DEBUG OBJECTEXTEND PRINT(..\Output\Listings\SysDataDef.lst) OBJECT(..\Output\Objects\SysDataDef.obj)

line level    source

   1          #include "SysDataDef.h"
   2          #include "TypeDef.h"
   3          #include "TaskProc.h"
   4          #include "Gpio.h"
   5          
   6          UI16 SysPara = 0;  // STC单片机不初始化为0，可能不为0
   7          UI08 Dig[1];
   8          UI08 Fls[1];
   9          UI08 DigBuf[1];
  10          Face_Def Face;
  11          
  12          UI08 ShowValTab[] = {
  13              25,     // 0 1
  14              50,     // 1 2
  15              75,     // 2 3
  16              100,    // 3 4
  17              125,    // 4 5
  18              150,    // 5 6
  19              175,    // 6 7
  20              200,    // 7 8
  21              225,    // 8 9
  22              250,    // 9 H
  23          };
  24          
  25          UI08 LightValTab[] = {
  26              20,     // 0 1
  27              27,     // 1 2
  28              37,     // 2 3
  29              50,     // 3 4
  30              65,     // 4 5
  31              83,     // 5 6
  32              103,    // 6 7
  33              120,    // 7 8
  34              138,    // 8 9
  35              250,    // 9 H
  36          };
  37          
  38          #define __STEP  (Dimmer.LedMax - Dimmer.LedMin) / 10
  39          
  40          
  41          /*
  42          typedef struct
  43          {
  44              UI08 Step;
  45              UI16 LedMin;
  46              UI16 LedMax;
  47              UI16 IncMin;
  48              UI16 IncMax;
  49          
  50              UI16 TmepValue;
  51              UI16 FaceValue;
  52              UI16 Power;
  53              UI16 LeftMove;
C51 COMPILER V9.57.0.0   SYSDATADEF                                                        06/09/2020 17:10:00 PAGE 2   

  54              UI16 RightMove;
  55          } Dimmer_Def;
  56          */
  57          
  58          
  59          // 500对应右移1ms
  60          Dimmer_Def Dimmer = {
  61              25,
  62              250,   // 右移0.5ms
  63              4000,  // 右移8.0ms
  64              80,
  65              250,
  66              
  67              0,
  68              250,    // 默认亮度
  69          };


MODULE INFORMATION:   STATIC OVERLAYABLE
   CODE SIZE        =   ----    ----
   CONSTANT SIZE    =   ----    ----
   XDATA SIZE       =     47    ----
   PDATA SIZE       =   ----    ----
   DATA SIZE        =   ----    ----
   IDATA SIZE       =   ----    ----
   BIT SIZE         =   ----    ----
END OF MODULE INFORMATION.


C51 COMPILATION COMPLETE.  0 WARNING(S),  0 ERROR(S)
